0 info it worked if it ends with ok
1 verbose cli [ '/usr/local/bin/node', '/usr/local/bin/npm', 'start' ]
2 info using npm@1.4.14
3 info using node@v18.13.0
4 verbose run-script [ 'prestart', 'start', 'poststart' ]
5 info prestart roku_server@1.0.0
6 info start roku_server@1.0.0
7 verbose unsafe-perm in lifecycle true
8 info roku_server@1.0.0 Failed to exec start script
9 error roku_server@1.0.0 start: `node server`
9 error Exit status 1
10 error Failed at the roku_server@1.0.0 start script.
10 error This is most likely a problem with the roku_server package,
10 error not with npm itself.
10 error Tell the author that this fails on your system:
10 error     node server
10 error You can get their info via:
10 error     npm owner ls roku_server
10 error There is likely additional logging output above.
11 error System Darwin 21.3.0
12 error command "/usr/local/bin/node" "/usr/local/bin/npm" "start"
13 error cwd /Users/heiyanchow/Desktop/2023W/MMED5006/roku_server
14 error node -v v18.13.0
15 error npm -v 1.4.14
16 error code ELIFECYCLE
17 verbose exit [ 1, true ]
